C51 COMPILER V9.54   MAIN                                                                  02/16/2023 22:31:21 PAGE 1   


C51 COMPILER V9.54, COMPILATION OF MODULE MAIN
OBJECT MODULE PLACED IN .\Objects\main.obj
COMPILER INVOKED BY: D:\MCU\Keil5\Keil5 C51\C51\BIN\C51.EXE main.c OPTIMIZE(8,SPEED) BROWSE DEBUG OBJECTEXTEND PRINT(.\L
                    -istings\main.lst) OBJECT(.\Objects\main.obj)

line level    source

   1          #include <REGX52.H>
   2          void Delay(unsigned int xms)            //@12.000MHz
   3          {
   4   1              unsigned char i, j;
   5   1              while(xms)
   6   1              {
   7   2                      i = 12;
   8   2                      j = 169;
   9   2                      do
  10   2                      {
  11   3                              while (--j);
  12   3                      } while (--i);
  13   2                      xms--;
  14   2              }
  15   1              
  16   1      }
  17          
  18          
  19          void main()
  20          {
  21   1              while(1)
  22   1              {
  23   2                      if(P3_1 == 0)
  24   2                      {       
  25   3                              Delay(20);
  26   3                              while(P3_1 == 0);
  27   3                              Delay(20);
  28   3                              P2_0=~P2_0;
  29   3                      }
  30   2                      
  31   2              }
  32   1      }


MODULE INFORMATION:   STATIC OVERLAYABLE
   CODE SIZE        =     44    ----
   CONSTANT SIZE    =   ----    ----
   XDATA SIZE       =   ----    ----
   PDATA SIZE       =   ----    ----
   DATA SIZE        =   ----    ----
   IDATA SIZE       =   ----    ----
   BIT SIZE         =   ----    ----
END OF MODULE INFORMATION.


C51 COMPILATION COMPLETE.  0 WARNING(S),  0 ERROR(S)
