C51 COMPILER V9.54   MAIN                                                                  02/15/2023 12:19:25 PAGE 1   


C51 COMPILER V9.54, COMPILATION OF MODULE MAIN
OBJECT MODULE PLACED IN .\Objects\main.obj
COMPILER INVOKED BY: D:\MCU\Keil5\Keil5 C51\C51\BIN\C51.EXE main.c OPTIMIZE(8,SPEED) BROWSE DEBUG OBJECTEXTEND PRINT(.\L
                    -istings\main.lst) OBJECT(.\Objects\main.obj)

line level    source

   1          #include <REGX52.H>
   2          void main()
   3          {
   4   1              while(1)
   5   1              {
   6   2                      if(P3_1 == 0)
   7   2                      {
   8   3                              P2_0 = 0;
   9   3                      
  10   3                      }else
  11   2                      {
  12   3                              P2_0 = 1;
  13   3                      }
  14   2                      
  15   2              }
  16   1              
  17   1      }


MODULE INFORMATION:   STATIC OVERLAYABLE
   CODE SIZE        =     11    ----
   CONSTANT SIZE    =   ----    ----
   XDATA SIZE       =   ----    ----
   PDATA SIZE       =   ----    ----
   DATA SIZE        =   ----    ----
   IDATA SIZE       =   ----    ----
   BIT SIZE         =   ----    ----
END OF MODULE INFORMATION.


C51 COMPILATION COMPLETE.  0 WARNING(S),  0 ERROR(S)
